
Wed, 31 Jul 2019 15:27:19 GMT-Info-Server is running on port: 3000
Wed, 31 Jul 2019 15:50:16 GMT-Info-Server is running on port: 3000
Wed, 31 Jul 2019 15:50:28 GMT-Error-problems with queryError: Request failed with status code 401
Wed, 31 Jul 2019 15:50:51 GMT-Info-Server is running on port: 3000
Wed, 31 Jul 2019 15:56:51 GMT-Info-Server is running on port: 3000
Wed, 31 Jul 2019 15:56:54 GMT-Info-[object Object]
Wed, 31 Jul 2019 15:57:11 GMT-Info-Server is running on port: 3000
Wed, 31 Jul 2019 15:57:40 GMT-Info-Server is running on port: 3000
Wed, 31 Jul 2019 16:01:43 GMT-Info-Server is running on port: 3000
Wed, 31 Jul 2019 16:07:19 GMT-Info-Server is running on port: 3000
Thu, 01 Aug 2019 04:29:31 GMT-Info-Server is running on port: 3000
Thu, 01 Aug 2019 04:37:51 GMT-Info-Server is running on port: 3000
Thu, 01 Aug 2019 04:38:20 GMT-Info-Server is running on port: 3000
Thu, 01 Aug 2019 04:38:43 GMT-Info-Server is running on port: 3000
Thu, 01 Aug 2019 04:39:04 GMT-Info-Server is running on port: 3000
Thu, 01 Aug 2019 04:39:13 GMT-Info-Server is running on port: 3000
Thu, 01 Aug 2019 04:39:39 GMT-Info-Server is running on port: 3000
Thu, 01 Aug 2019 04:40:23 GMT-Info-Server is running on port: 3000
Thu, 01 Aug 2019 04:40:40 GMT-Info-Server is running on port: 3000
Thu, 01 Aug 2019 04:40:55 GMT-Info-Server is running on port: 3000
Thu, 01 Aug 2019 04:42:02 GMT-Info-Server is running on port: 3000
Thu, 01 Aug 2019 04:42:11 GMT-Info-Server is running on port: 3000
Thu, 01 Aug 2019 04:42:36 GMT-Info-Server is running on port: 3000
Thu, 01 Aug 2019 04:45:22 GMT-Info-Server is running on port: 3000
Thu, 01 Aug 2019 04:47:38 GMT-Info-Server is running on port: 3000
Thu, 01 Aug 2019 04:47:49 GMT-Info-Server is running on port: 3000

Thu, 01 Aug 2019 05:09:02 GMT-Info-Server is running on port: 3000
Wed, 21 Aug 2019 14:28:05 GMT-Info-Server is running on port: 3000
Wed, 21 Aug 2019 14:28:38 GMT-Info-Server is running on port: 3000
Wed, 21 Aug 2019 14:29:25 GMT-Info-Server is running on port: 3000
Wed, 21 Aug 2019 14:29:46 GMT-Info-Server is running on port: 3000
Wed, 21 Aug 2019 14:29:49 GMT-Info-The file was saved!